  i_main.c
C:\Program Files (x86)\Windows Kits\10\Include\10.0.19041.0\shared\basetsd.h(457,1): warning C4005: 'MAXINT': macro redefinition
D:\Game Engines\Doom Content\DOOM-repo\linuxdoom-1.10\doomtype.h(48): message : see previous definition of 'MAXINT'
C:\Program Files (x86)\Windows Kits\10\Include\10.0.19041.0\shared\basetsd.h(458,1): warning C4005: 'MININT': macro redefinition
D:\Game Engines\Doom Content\DOOM-repo\linuxdoom-1.10\doomtype.h(54): message : see previous definition of 'MININT'
C:\Program Files (x86)\Windows Kits\10\Include\10.0.19041.0\um\winnt.h(1191,1): warning C4005: 'MINCHAR': macro redefinition
D:\Game Engines\Doom Content\DOOM-repo\linuxdoom-1.10\doomtype.h(50): message : see previous definition of 'MINCHAR'
C:\Program Files (x86)\Windows Kits\10\Include\10.0.19041.0\um\winnt.h(1192,1): warning C4005: 'MAXCHAR': macro redefinition
D:\Game Engines\Doom Content\DOOM-repo\linuxdoom-1.10\doomtype.h(44): message : see previous definition of 'MAXCHAR'
C:\Program Files (x86)\Windows Kits\10\Include\10.0.19041.0\um\winnt.h(1193,1): warning C4005: 'MINSHORT': macro redefinition
D:\Game Engines\Doom Content\DOOM-repo\linuxdoom-1.10\doomtype.h(51): message : see previous definition of 'MINSHORT'
C:\Program Files (x86)\Windows Kits\10\Include\10.0.19041.0\um\winnt.h(1194,1): warning C4005: 'MAXSHORT': macro redefinition
D:\Game Engines\Doom Content\DOOM-repo\linuxdoom-1.10\doomtype.h(45): message : see previous definition of 'MAXSHORT'
C:\Program Files (x86)\Windows Kits\10\Include\10.0.19041.0\um\winnt.h(1195,1): warning C4005: 'MINLONG': macro redefinition
D:\Game Engines\Doom Content\DOOM-repo\linuxdoom-1.10\doomtype.h(55): message : see previous definition of 'MINLONG'
C:\Program Files (x86)\Windows Kits\10\Include\10.0.19041.0\um\winnt.h(1196,1): warning C4005: 'MAXLONG': macro redefinition
D:\Game Engines\Doom Content\DOOM-repo\linuxdoom-1.10\doomtype.h(49): message : see previous definition of 'MAXLONG'
C:\Program Files (x86)\Windows Kits\10\Include\10.0.19041.0\shared\rpcndr.h(193,23): error C2371: 'boolean': redefinition; different basic types
D:\Game Engines\Doom Content\DOOM-repo\linuxdoom-1.10\doomtype.h(34): message : see declaration of 'boolean'
C:\Program Files (x86)\Windows Kits\10\Include\10.0.19041.0\shared\wtypesbase.h(509,17): error C2371: 'BOOLEAN': redefinition; different basic types
C:\Program Files (x86)\Windows Kits\10\Include\10.0.19041.0\um\winnt.h(1139): message : see declaration of 'BOOLEAN'
D:\Game Engines\Doom Content\DOOM-repo\linuxdoom-1.10\i_main.c(44,17): warning C4028: formal parameter 3 different from declaration
D:\Game Engines\Doom Content\DOOM-repo\linuxdoom-1.10\i_main.c(49,14): warning C4013: 'CommandLineToArgW' undefined; assuming extern returning int
D:\Game Engines\Doom Content\DOOM-repo\linuxdoom-1.10\i_main.c(49,49): warning C4047: '=': 'char **' differs in levels of indirection from 'int'
